[debug] [2019-10-18T04:43:05.528Z] ----------------------------------------------------------------------
[debug] [2019-10-18T04:43:05.533Z] Command:       C:\Program Files\nodejs\node.exe C:\Users\aashw\AppData\Roaming\npm\node_modules\firebase-tools\lib\bin\firebase.js init
[debug] [2019-10-18T04:43:05.533Z] CLI Version:   7.6.1
[debug] [2019-10-18T04:43:05.533Z] Platform:      win32
[debug] [2019-10-18T04:43:05.534Z] Node Version:  v10.16.0
[debug] [2019-10-18T04:43:05.918Z] Time:          Fri Oct 18 2019 10:13:05 GMT+0530 (India Standard Time)
[debug] [2019-10-18T04:43:05.918Z] ----------------------------------------------------------------------
[debug] [2019-10-18T04:43:05.918Z] 
[debug] [2019-10-18T04:43:06.067Z] > command requires scopes: ["email","openid","https://www.googleapis.com/auth/cloudplatformprojects.readonly","https://www.googleapis.com/auth/firebase","https://www.googleapis.com/auth/cloud-platform"]
[debug] [2019-10-18T04:43:06.069Z] > authorizing via signed-in user
[info] 
     ######## #### ########  ######## ########     ###     ######  ########
     ##        ##  ##     ## ##       ##     ##  ##   ##  ##       ##
     ######    ##  ########  ######   ########  #########  ######  ######
     ##        ##  ##    ##  ##       ##     ## ##     ##       ## ##
     ##       #### ##     ## ######## ########  ##     ##  ######  ########

You're about to initialize a Firebase project in this directory:

  C:\Users\aashw\Documents\Coda\boonews

Before we get started, keep in mind:

  * You are initializing in an existing Firebase project directory

